
12월 29, 2022 16:45:45.66 NEW SESSION
12월 29, 2022 16:45:45.66 [9536:9792:1229/164545.667:ERROR:device_event_log_impl.cc(215)] [16:45:45.667] Bluetooth: bluetooth_adapter_winrt.cc:1074 Getting Default Adapter failed.
12월 29, 2022 16:59:24.68 [9536:9792:1229/165924.681:ERROR:CONSOLE(1)] "Request Storage.getStorageKeyForFrame failed. {"code":-32602,"message":"Frame tree node for given frame not found"}", source: devtools://devtools/bundled/devtools-frontend/front_end/core/protocol_client/protocol_client.js (1)
12월 29, 2022 16:59:32.81 [9536:9792:1229/165932.812:ERROR:CONSOLE(1)] "Request Network.loadNetworkResource failed. {"code":-32602,"message":"Frame not under control of agent host"}", source: devtools://devtools/bundled/devtools-frontend/front_end/core/protocol_client/protocol_client.js (1)
12월 29, 2022 16:59:32.81 [9536:9792:1229/165932.815:ERROR:CONSOLE(1)] "Request Network.loadNetworkResource failed. {"code":-32602,"message":"Frame not under control of agent host"}", source: devtools://devtools/bundled/devtools-frontend/front_end/core/protocol_client/protocol_client.js (1)
12월 29, 2022 16:59:32.81 [9536:9792:1229/165932.815:ERROR:CONSOLE(1)] "Request Network.loadNetworkResource failed. {"code":-32602,"message":"Frame not under control of agent host"}", source: devtools://devtools/bundled/devtools-frontend/front_end/core/protocol_client/protocol_client.js (1)
12월 29, 2022 16:59:32.81 [9536:9792:1229/165932.816:ERROR:CONSOLE(1)] "Request Network.loadNetworkResource failed. {"code":-32602,"message":"Frame not under control of agent host"}", source: devtools://devtools/bundled/devtools-frontend/front_end/core/protocol_client/protocol_client.js (1)
12월 29, 2022 16:59:32.81 [9536:9792:1229/165932.817:ERROR:CONSOLE(1)] "Request Network.loadNetworkResource failed. {"code":-32602,"message":"Frame not under control of agent host"}", source: devtools://devtools/bundled/devtools-frontend/front_end/core/protocol_client/protocol_client.js (1)
12월 29, 2022 16:59:41.26 [9536:9792:1229/165941.265:ERROR:CONSOLE(1)] "Request Network.loadNetworkResource failed. {"code":-32602,"message":"Frame not under control of agent host"}", source: devtools://devtools/bundled/devtools-frontend/front_end/core/protocol_client/protocol_client.js (1)
12월 29, 2022 16:59:41.26 [9536:9792:1229/165941.268:ERROR:CONSOLE(1)] "Request Network.loadNetworkResource failed. {"code":-32602,"message":"Frame not under control of agent host"}", source: devtools://devtools/bundled/devtools-frontend/front_end/core/protocol_client/protocol_client.js (1)
12월 29, 2022 16:59:41.26 [9536:9792:1229/165941.268:ERROR:CONSOLE(1)] "Request Network.loadNetworkResource failed. {"code":-32602,"message":"Frame not under control of agent host"}", source: devtools://devtools/bundled/devtools-frontend/front_end/core/protocol_client/protocol_client.js (1)
12월 29, 2022 16:59:41.26 [9536:9792:1229/165941.269:ERROR:CONSOLE(1)] "Request Network.loadNetworkResource failed. {"code":-32602,"message":"Frame not under control of agent host"}", source: devtools://devtools/bundled/devtools-frontend/front_end/core/protocol_client/protocol_client.js (1)
12월 29, 2022 16:59:41.27 [9536:9792:1229/165941.270:ERROR:CONSOLE(1)] "Request Network.loadNetworkResource failed. {"code":-32602,"message":"Frame not under control of agent host"}", source: devtools://devtools/bundled/devtools-frontend/front_end/core/protocol_client/protocol_client.js (1)
12월 29, 2022 16:59:41.31 [9536:9792:1229/165941.317:ERROR:CONSOLE(1)] "Request Network.loadNetworkResource failed. {"code":-32602,"message":"Frame not under control of agent host"}", source: devtools://devtools/bundled/devtools-frontend/front_end/core/protocol_client/protocol_client.js (1)
12월 29, 2022 16:59:41.31 [9536:9792:1229/165941.317:ERROR:CONSOLE(1)] "Request Network.loadNetworkResource failed. {"code":-32602,"message":"Frame not under control of agent host"}", source: devtools://devtools/bundled/devtools-frontend/front_end/core/protocol_client/protocol_client.js (1)
12월 29, 2022 16:59:41.31 [9536:9792:1229/165941.317:ERROR:CONSOLE(1)] "Request Network.loadNetworkResource failed. {"code":-32602,"message":"Frame not under control of agent host"}", source: devtools://devtools/bundled/devtools-frontend/front_end/core/protocol_client/protocol_client.js (1)
12월 29, 2022 16:59:41.31 [9536:9792:1229/165941.317:ERROR:CONSOLE(1)] "Request Network.loadNetworkResource failed. {"code":-32602,"message":"Frame not under control of agent host"}", source: devtools://devtools/bundled/devtools-frontend/front_end/core/protocol_client/protocol_client.js (1)
12월 29, 2022 16:59:41.31 [9536:9792:1229/165941.319:ERROR:CONSOLE(1)] "Request Network.loadNetworkResource failed. {"code":-32602,"message":"Frame not under control of agent host"}", source: devtools://devtools/bundled/devtools-frontend/front_end/core/protocol_client/protocol_client.js (1)
12월 29, 2022 17:12:42.07 [9536:9792:1229/171242.070:ERROR:interface_endpoint_client.cc(694)] Message 1 rejected by interface blink.mojom.WidgetHost

12월 30, 2022 10:05:16.03 NEW SESSION
12월 30, 2022 10:05:16.03 [8908:2124:1230/100516.038:ERROR:device_event_log_impl.cc(215)] [10:05:16.038] Bluetooth: bluetooth_adapter_winrt.cc:1074 Getting Default Adapter failed.
12월 30, 2022 10:16:35.09 [15948:4476:1230/101635.095:ERROR:device_event_log_impl.cc(215)] [10:16:35.094] Bluetooth: bluetooth_adapter_winrt.cc:1074 Getting Default Adapter failed.
12월 30, 2022 17:14:32.97 [15948:4476:1230/171432.969:ERROR:interface_endpoint_client.cc(694)] Message 0 rejected by interface blink.mojom.WidgetHost
12월 30, 2022 17:15:09.21 [15948:4476:1230/171509.217:ERROR:interface_endpoint_client.cc(694)] Message 0 rejected by interface blink.mojom.WidgetHost

1월 05, 2023 10:21:02.57 NEW SESSION
1월 05, 2023 10:21:02.57 [11176:10068:0105/102102.564:ERROR:device_event_log_impl.cc(215)] [10:21:02.564] Bluetooth: bluetooth_adapter_winrt.cc:1074 Getting Default Adapter failed.
1월 05, 2023 10:50:50.43 [11176:10068:0105/105050.433:ERROR:device_event_log_impl.cc(215)] [10:50:50.433] USB: usb_device_handle_win.cc:1045 Failed to read descriptor from node connection: 없는 장치를 지정했습니다. (0x1B1)
1월 05, 2023 11:37:21.97 [11176:10068:0105/113721.974:ERROR:interface_endpoint_client.cc(694)] Message 0 rejected by interface blink.mojom.WidgetHost
1월 05, 2023 13:52:46.04 [11176:10068:0105/135246.048:ERROR:interface_endpoint_client.cc(694)] Message 0 rejected by interface blink.mojom.WidgetHost
1월 05, 2023 17:21:59.84 [11176:10068:0105/172159.848:ERROR:interface_endpoint_client.cc(694)] Message 1 rejected by interface blink.mojom.WidgetHost
1월 05, 2023 17:24:31.44 [11176:10068:0105/172431.441:ERROR:interface_endpoint_client.cc(694)] Message 0 rejected by interface blink.mojom.WidgetHost
1월 05, 2023 18:03:40.65 [11176:10068:0105/180340.650:ERROR:interface_endpoint_client.cc(694)] Message 5 rejected by interface blink.mojom.WidgetHost
1월 05, 2023 18:12:08.44 [11176:10068:0105/181208.449:ERROR:interface_endpoint_client.cc(694)] Message 1 rejected by interface blink.mojom.WidgetHost
